# JRE version: Java(TM) SE Runtime Environment (8.0_25-b18) (build 1.8.0_25-b18)
# Java VM: Java HotSpot(TM) 64-Bit Server VM (25.25-b02 mixed mode windows-amd64 compressed oops)
Heap:
 PSYoungGen      total 440320K, used 55691K [0x00000000d5d80000, 0x00000000f4b80000, 0x0000000100000000)
  eden space 413696K, 7% used [0x00000000d5d80000,0x00000000d79f17a0,0x00000000ef180000)
  from space 26624K, 99% used [0x00000000f3180000,0x00000000f4b71720,0x00000000f4b80000)
  to   space 31744K, 0% used [0x00000000f0d80000,0x00000000f0d80000,0x00000000f2c80000)
 ParOldGen       total 69120K, used 21109K [0x0000000081800000, 0x0000000085b80000, 0x00000000d5d80000)
  object space 69120K, 30% used [0x0000000081800000,0x0000000082c9d5d8,0x0000000085b80000)
 Metaspace       used 53729K, capacity 54522K, committed 54912K, reserved 1097728K
  class space    used 6785K, capacity 6992K, committed 7040K, reserved 1048576K
GC Heap History (10 events):
Event: 53.582 GC heap before
{Heap before GC invocations=12 (full 1):
 PSYoungGen      total 199680K, used 199655K [0x00000000d5d80000, 0x00000000e3b80000, 0x0000000100000000)
  eden space 181248K, 100% used [0x00000000d5d80000,0x00000000e0e80000,0x00000000e0e80000)
  from space 18432K, 99% used [0x00000000e2380000,0x00000000e3579d08,0x00000000e3580000)
  to   space 21504K, 0% used [0x00000000e0e80000,0x00000000e0e80000,0x00000000e2380000)
 ParOldGen       total 50688K, used 22162K [0x0000000081800000, 0x0000000084980000, 0x00000000d5d80000)
  object space 50688K, 43% used [0x0000000081800000,0x0000000082da4bf8,0x0000000084980000)
 Metaspace       used 24793K, capacity 25422K, committed 25728K, reserved 1071104K
  class space    used 2939K, capacity 3111K, committed 3200K, reserved 1048576K
Event: 53.615 GC heap after
Heap after GC invocations=12 (full 1):
 PSYoungGen      total 202752K, used 21475K [0x00000000d5d80000, 0x00000000eac00000, 0x0000000100000000)
  eden space 181248K, 0% used [0x00000000d5d80000,0x00000000d5d80000,0x00000000e0e80000)
  from space 21504K, 99% used [0x00000000e0e80000,0x00000000e2378de0,0x00000000e2380000)
  to   space 27648K, 0% used [0x00000000e9100000,0x00000000e9100000,0x00000000eac00000)
 ParOldGen       total 50688K, used 30532K [0x0000000081800000, 0x0000000084980000, 0x00000000d5d80000)
  object space 50688K, 60% used [0x0000000081800000,0x00000000835d1180,0x0000000084980000)
 Metaspace       used 24793K, capacity 25422K, committed 25728K, reserved 1071104K
  class space    used 2939K, capacity 3111K, committed 3200K, reserved 1048576K
}
Event: 55.571 GC heap before
{Heap before GC invocations=13 (full 1):
 PSYoungGen      total 202752K, used 202723K [0x00000000d5d80000, 0x00000000eac00000, 0x0000000100000000)
  eden space 181248K, 100% used [0x00000000d5d80000,0x00000000e0e80000,0x00000000e0e80000)
  from space 21504K, 99% used [0x00000000e0e80000,0x00000000e2378de0,0x00000000e2380000)
  to   space 27648K, 0% used [0x00000000e9100000,0x00000000e9100000,0x00000000eac00000)
 ParOldGen       total 50688K, used 30532K [0x0000000081800000, 0x0000000084980000, 0x00000000d5d80000)
  object space 50688K, 60% used [0x0000000081800000,0x00000000835d1180,0x0000000084980000)
 Metaspace       used 33484K, capacity 34212K, committed 34560K, reserved 1079296K
  class space    used 4150K, capacity 4343K, committed 4352K, reserved 1048576K
Event: 55.585 GC heap after
Heap after GC invocations=13 (full 1):
 PSYoungGen      total 311808K, used 16579K [0x00000000d5d80000, 0x00000000eaa00000, 0x0000000100000000)
  eden space 286208K, 0% used [0x00000000d5d80000,0x00000000d5d80000,0x00000000e7500000)
  from space 25600K, 64% used [0x00000000e9100000,0x00000000ea130f88,0x00000000eaa00000)
  to   space 27136K, 0% used [0x00000000e7500000,0x00000000e7500000,0x00000000e8f80000)
 ParOldGen       total 50688K, used 32882K [0x0000000081800000, 0x0000000084980000, 0x00000000d5d80000)
  object space 50688K, 64% used [0x0000000081800000,0x000000008381c970,0x0000000084980000)
 Metaspace       used 33484K, capacity 34212K, committed 34560K, reserved 1079296K
  class space    used 4150K, capacity 4343K, committed 4352K, reserved 1048576K
}
Event: 55.760 GC heap before
{Heap before GC invocations=14 (full 1):
 PSYoungGen      total 311808K, used 34020K [0x00000000d5d80000, 0x00000000eaa00000, 0x0000000100000000)
  eden space 286208K, 6% used [0x00000000d5d80000,0x00000000d6e881f8,0x00000000e7500000)
  from space 25600K, 64% used [0x00000000e9100000,0x00000000ea130f88,0x00000000eaa00000)
  to   space 27136K, 0% used [0x00000000e7500000,0x00000000e7500000,0x00000000e8f80000)
 ParOldGen       total 50688K, used 32882K [0x0000000081800000, 0x0000000084980000, 0x00000000d5d80000)
  object space 50688K, 64% used [0x0000000081800000,0x000000008381c970,0x0000000084980000)
 Metaspace       used 34571K, capacity 35268K, committed 35456K, reserved 1081344K
  class space    used 4251K, capacity 4439K, committed 4480K, reserved 1048576K
Event: 55.764 GC heap after
Heap after GC invocations=14 (full 1):
 PSYoungGen      total 313344K, used 1036K [0x00000000d5d80000, 0x00000000f4d00000, 0x0000000100000000)
  eden space 286208K, 0% used [0x00000000d5d80000,0x00000000d5d80000,0x00000000e7500000)
  from space 27136K, 3% used [0x00000000e7500000,0x00000000e76032b8,0x00000000e8f80000)
  to   space 28160K, 0% used [0x00000000f3180000,0x00000000f3180000,0x00000000f4d00000)
 ParOldGen       total 50688K, used 36263K [0x0000000081800000, 0x0000000084980000, 0x00000000d5d80000)
  object space 50688K, 71% used [0x0000000081800000,0x0000000083b69cc0,0x0000000084980000)
 Metaspace       used 34571K, capacity 35268K, committed 35456K, reserved 1081344K
  class space    used 4251K, capacity 4439K, committed 4480K, reserved 1048576K
}
Event: 55.764 GC heap before
{Heap before GC invocations=15 (full 2):
 PSYoungGen      total 313344K, used 1036K [0x00000000d5d80000, 0x00000000f4d00000, 0x0000000100000000)
  eden space 286208K, 0% used [0x00000000d5d80000,0x00000000d5d80000,0x00000000e7500000)
  from space 27136K, 3% used [0x00000000e7500000,0x00000000e76032b8,0x00000000e8f80000)
  to   space 28160K, 0% used [0x00000000f3180000,0x00000000f3180000,0x00000000f4d00000)
 ParOldGen       total 50688K, used 36263K [0x0000000081800000, 0x0000000084980000, 0x00000000d5d80000)
  object space 50688K, 71% used [0x0000000081800000,0x0000000083b69cc0,0x0000000084980000)
 Metaspace       used 34571K, capacity 35268K, committed 35456K, reserved 1081344K
  class space    used 4251K, capacity 4439K, committed 4480K, reserved 1048576K
Event: 55.837 GC heap after
Heap after GC invocations=15 (full 2):
 PSYoungGen      total 313344K, used 0K [0x00000000d5d80000, 0x00000000f4d00000, 0x0000000100000000)
  eden space 286208K, 0% used [0x00000000d5d80000,0x00000000d5d80000,0x00000000e7500000)
  from space 27136K, 0% used [0x00000000e7500000,0x00000000e7500000,0x00000000e8f80000)
  to   space 28160K, 0% used [0x00000000f3180000,0x00000000f3180000,0x00000000f4d00000)
 ParOldGen       total 69120K, used 21101K [0x0000000081800000, 0x0000000085b80000, 0x00000000d5d80000)
  object space 69120K, 30% used [0x0000000081800000,0x0000000082c9b5d8,0x0000000085b80000)
 Metaspace       used 34571K, capacity 35268K, committed 35456K, reserved 1081344K
  class space    used 4251K, capacity 4439K, committed 4480K, reserved 1048576K
}
Event: 61.269 GC heap before
{Heap before GC invocations=16 (full 2):
 PSYoungGen      total 313344K, used 286208K [0x00000000d5d80000, 0x00000000f4d00000, 0x0000000100000000)
  eden space 286208K, 100% used [0x00000000d5d80000,0x00000000e7500000,0x00000000e7500000)
  from space 27136K, 0% used [0x00000000e7500000,0x00000000e7500000,0x00000000e8f80000)
  to   space 28160K, 0% used [0x00000000f3180000,0x00000000f3180000,0x00000000f4d00000)
 ParOldGen       total 69120K, used 21101K [0x0000000081800000, 0x0000000085b80000, 0x00000000d5d80000)
  object space 69120K, 30% used [0x0000000081800000,0x0000000082c9b5d8,0x0000000085b80000)
 Metaspace       used 52979K, capacity 53818K, committed 54144K, reserved 1095680K
  class space    used 6700K, capacity 6928K, committed 7040K, reserved 1048576K
Event: 61.289 GC heap after
Heap after GC invocations=16 (full 2):
 PSYoungGen      total 440320K, used 26565K [0x00000000d5d80000, 0x00000000f4b80000, 0x0000000100000000)
  eden space 413696K, 0% used [0x00000000d5d80000,0x00000000d5d80000,0x00000000ef180000)
  from space 26624K, 99% used [0x00000000f3180000,0x00000000f4b71720,0x00000000f4b80000)
  to   space 31744K, 0% used [0x00000000f0d80000,0x00000000f0d80000,0x00000000f2c80000)
 ParOldGen       total 69120K, used 21109K [0x0000000081800000, 0x0000000085b80000, 0x00000000d5d80000)
  object space 69120K, 30% used [0x0000000081800000,0x0000000082c9d5d8,0x0000000085b80000)
 Metaspace       used 52979K, capacity 53818K, committed 54144K, reserved 1095680K
  class space    used 6700K, capacity 6928K, committed 7040K, reserved 1048576K
}

